# JRE version: OpenJDK Runtime Environment (11.0.8+10) (build 11.0.8+10-b944.6842174)
# Java VM: OpenJDK 64-Bit Server VM (11.0.8+10-b944.6842174, mixed mode, tiered, compressed oops, g1 gc, windows-amd64)
Heap:
 garbage-first heap   total 194560K, used 105549K [0x0000000080000000, 0x0000000100000000)
  region size 1024K, 45 young (46080K), 6 survivors (6144K)
 Metaspace       used 77263K, capacity 79231K, committed 79488K, reserved 1118208K
  class space    used 10035K, capacity 10762K, committed 10880K, reserved 1048576K
GC Heap History (20 events):
Event: 3.515 GC heap before
{Heap before GC invocations=1 (full 0):
 garbage-first heap   total 194560K, used 93534K [0x0000000080000000, 0x0000000100000000)
  region size 1024K, 87 young (89088K), 3 survivors (3072K)
 Metaspace       used 20626K, capacity 21109K, committed 21248K, reserved 1067008K
  class space    used 2531K, capacity 2710K, committed 2816K, reserved 1048576K
}
Event: 3.524 GC heap after
{Heap after GC invocations=2 (full 0):
 garbage-first heap   total 194560K, used 16147K [0x0000000080000000, 0x0000000100000000)
  region size 1024K, 11 young (11264K), 11 survivors (11264K)
 Metaspace       used 20626K, capacity 21109K, committed 21248K, reserved 1067008K
  class space    used 2531K, capacity 2710K, committed 2816K, reserved 1048576K
}
Event: 4.206 GC heap before
{Heap before GC invocations=3 (full 0):
 garbage-first heap   total 194560K, used 71443K [0x0000000080000000, 0x0000000100000000)
  region size 1024K, 65 young (66560K), 11 survivors (11264K)
 Metaspace       used 26718K, capacity 27341K, committed 27648K, reserved 1073152K
  class space    used 3512K, capacity 3750K, committed 3840K, reserved 1048576K
}
Event: 4.214 GC heap after
{Heap after GC invocations=4 (full 0):
 garbage-first heap   total 194560K, used 18444K [0x0000000080000000, 0x0000000100000000)
  region size 1024K, 3 young (3072K), 3 survivors (3072K)
 Metaspace       used 26718K, capacity 27341K, committed 27648K, reserved 1073152K
  class space    used 3512K, capacity 3750K, committed 3840K, reserved 1048576K
}
Event: 5.311 GC heap before
{Heap before GC invocations=4 (full 0):
 garbage-first heap   total 194560K, used 60428K [0x0000000080000000, 0x0000000100000000)
  region size 1024K, 46 young (47104K), 3 survivors (3072K)
 Metaspace       used 35083K, capacity 35741K, committed 35840K, reserved 1081344K
  class space    used 4564K, capacity 4824K, committed 4864K, reserved 1048576K
}
Event: 5.322 GC heap after
{Heap after GC invocations=5 (full 0):
 garbage-first heap   total 194560K, used 21384K [0x0000000080000000, 0x0000000100000000)
  region size 1024K, 6 young (6144K), 6 survivors (6144K)
 Metaspace       used 35083K, capacity 35741K, committed 35840K, reserved 1081344K
  class space    used 4564K, capacity 4824K, committed 4864K, reserved 1048576K
}
Event: 7.537 GC heap before
{Heap before GC invocations=6 (full 0):
 garbage-first heap   total 194560K, used 118664K [0x0000000080000000, 0x0000000100000000)
  region size 1024K, 98 young (100352K), 6 survivors (6144K)
 Metaspace       used 43839K, capacity 44773K, committed 44928K, reserved 1087488K
  class space    used 5625K, capacity 5957K, committed 6016K, reserved 1048576K
}
Event: 7.547 GC heap after
{Heap after GC invocations=7 (full 0):
 garbage-first heap   total 194560K, used 26078K [0x0000000080000000, 0x0000000100000000)
  region size 1024K, 10 young (10240K), 10 survivors (10240K)
 Metaspace       used 43839K, capacity 44773K, committed 44928K, reserved 1087488K
  class space    used 5625K, capacity 5957K, committed 6016K, reserved 1048576K
}
Event: 9.107 GC heap before
{Heap before GC invocations=7 (full 0):
 garbage-first heap   total 194560K, used 134622K [0x0000000080000000, 0x0000000100000000)
  region size 1024K, 114 young (116736K), 10 survivors (10240K)
 Metaspace       used 52359K, capacity 53690K, committed 53760K, reserved 1095680K
  class space    used 6661K, capacity 7144K, committed 7168K, reserved 1048576K
}
Event: 9.122 GC heap after
{Heap after GC invocations=8 (full 0):
 garbage-first heap   total 194560K, used 39007K [0x0000000080000000, 0x0000000100000000)
  region size 1024K, 15 young (15360K), 15 survivors (15360K)
 Metaspace       used 52359K, capacity 53690K, committed 53760K, reserved 1095680K
  class space    used 6661K, capacity 7144K, committed 7168K, reserved 1048576K
}
Event: 10.543 GC heap before
{Heap before GC invocations=8 (full 0):
 garbage-first heap   total 194560K, used 91231K [0x0000000080000000, 0x0000000100000000)
  region size 1024K, 67 young (68608K), 15 survivors (15360K)
 Metaspace       used 58591K, capacity 59989K, committed 60160K, reserved 1101824K
  class space    used 7423K, capacity 7949K, committed 8064K, reserved 1048576K
}
Event: 10.584 GC heap after
{Heap after GC invocations=9 (full 0):
 garbage-first heap   total 194560K, used 44644K [0x0000000080000000, 0x0000000100000000)
  region size 1024K, 6 young (6144K), 6 survivors (6144K)
 Metaspace       used 58591K, capacity 59989K, committed 60160K, reserved 1101824K
  class space    used 7423K, capacity 7949K, committed 8064K, reserved 1048576K
}
Event: 12.315 GC heap before
{Heap before GC invocations=10 (full 0):
 garbage-first heap   total 194560K, used 124516K [0x0000000080000000, 0x0000000100000000)
  region size 1024K, 84 young (86016K), 6 survivors (6144K)
 Metaspace       used 64592K, capacity 66144K, committed 66432K, reserved 1105920K
  class space    used 8396K, capacity 8988K, committed 9088K, reserved 1048576K
}
Event: 12.323 GC heap after
{Heap after GC invocations=11 (full 0):
 garbage-first heap   total 194560K, used 48834K [0x0000000080000000, 0x0000000100000000)
  region size 1024K, 10 young (10240K), 10 survivors (10240K)
 Metaspace       used 64592K, capacity 66144K, committed 66432K, reserved 1105920K
  class space    used 8396K, capacity 8988K, committed 9088K, reserved 1048576K
}
Event: 14.059 GC heap before
{Heap before GC invocations=11 (full 0):
 garbage-first heap   total 194560K, used 130754K [0x0000000080000000, 0x0000000100000000)
  region size 1024K, 90 young (92160K), 10 survivors (10240K)
 Metaspace       used 71217K, capacity 72939K, committed 72960K, reserved 1112064K
  class space    used 9365K, capacity 9975K, committed 9984K, reserved 1048576K
}
Event: 14.070 GC heap after
{Heap after GC invocations=12 (full 0):
 garbage-first heap   total 194560K, used 55059K [0x0000000080000000, 0x0000000100000000)
  region size 1024K, 12 young (12288K), 12 survivors (12288K)
 Metaspace       used 71217K, capacity 72939K, committed 72960K, reserved 1112064K
  class space    used 9365K, capacity 9975K, committed 9984K, reserved 1048576K
}
Event: 16.213 GC heap before
{Heap before GC invocations=12 (full 0):
 garbage-first heap   total 194560K, used 135955K [0x0000000080000000, 0x0000000100000000)
  region size 1024K, 92 young (94208K), 12 survivors (12288K)
 Metaspace       used 76069K, capacity 78106K, committed 78336K, reserved 1116160K
  class space    used 9958K, capacity 10682K, committed 10752K, reserved 1048576K
}
Event: 16.230 GC heap after
{Heap after GC invocations=13 (full 0):
 garbage-first heap   total 194560K, used 61351K [0x0000000080000000, 0x0000000100000000)
  region size 1024K, 12 young (12288K), 12 survivors (12288K)
 Metaspace       used 76069K, capacity 78106K, committed 78336K, reserved 1116160K
  class space    used 9958K, capacity 10682K, committed 10752K, reserved 1048576K
}
Event: 22.464 GC heap before
{Heap before GC invocations=13 (full 0):
 garbage-first heap   total 194560K, used 141223K [0x0000000080000000, 0x0000000100000000)
  region size 1024K, 91 young (93184K), 12 survivors (12288K)
 Metaspace       used 76871K, capacity 78879K, committed 79104K, reserved 1118208K
  class space    used 9999K, capacity 10742K, committed 10752K, reserved 1048576K
}
Event: 22.476 GC heap after
{Heap after GC invocations=14 (full 0):
 garbage-first heap   total 194560K, used 66637K [0x0000000080000000, 0x0000000100000000)
  region size 1024K, 6 young (6144K), 6 survivors (6144K)
 Metaspace       used 76871K, capacity 78879K, committed 79104K, reserved 1118208K
  class space    used 9999K, capacity 10742K, committed 10752K, reserved 1048576K
}

